<?xml version="1.0" encoding="UTF-8"?>
<!-- Generated by org.testng.reporters.JUnitReportReporter -->
<testsuite skipped="0" hostname="Ashu" name="com.test.browser.DriverLaunch" tests="1" failures="0" timestamp="29 Dec 2020 10:20:32 GMT" time="0.020" errors="0">
  <testcase name="test001" time="0.020" classname="com.test.browser.DriverLaunch"/>
</testsuite> <!-- com.test.browser.DriverLaunch -->
