<?xml version="1.0" encoding="UTF-8"?>
<!-- Generated by org.testng.reporters.JUnitReportReporter -->
<testsuite skipped="0" hostname="Ashu" name="com.test.browser.DriverLaunch" tests="2" failures="0" timestamp="2020-12-29T15:52:04 IST" time="11.587" errors="0">
  <testcase name="test001" time="0.007" classname="com.test.browser.DriverLaunch"/>
  <system-out/>
  <testcase name="test002" time="11.580" classname="com.test.browser.DriverLaunch"/>
  <system-out/>
</testsuite> <!-- com.test.browser.DriverLaunch -->
